0 info it worked if it ends with ok
1 verbose cli [ '/usr/bin/node', '/usr/bin/npm', 'run-script', 'build' ]
2 info using npm@6.14.7
3 info using node@v14.8.0
4 verbose run-script [ 'prebuild', 'build', 'postbuild' ]
5 info lifecycle bosque-reference-implementation@0.0.1~prebuild: bosque-reference-implementation@0.0.1
6 info lifecycle bosque-reference-implementation@0.0.1~build: bosque-reference-implementation@0.0.1
7 verbose lifecycle bosque-reference-implementation@0.0.1~build: unsafe-perm in lifecycle true
8 verbose lifecycle bosque-reference-implementation@0.0.1~build: PATH: /usr/lib/node_modules/npm/node_modules/npm-lifecycle/node-gyp-bin:/home/jose/Documents/GithubProjects/BosqueLanguage/ref_impl/node_modules/.bin:/home/jose/Documents/Apps/LADR-2009-11A/bin:/home/jose/Documents/Apps:/home/jose/maple2020/bin:/home/jose/.cargo/bin:/home/jose/Documents/GithubProjects/cool-retro-term:/home/jose/.opam/system/bin:/home/jose/.local/bin:/usr/bin:/usr/local/sbin:/usr/local/bin:/usr/bin:/usr/bin/site_perl:/usr/bin/vendor_perl:/usr/bin/core_perl
9 verbose lifecycle bosque-reference-implementation@0.0.1~build: CWD: /home/jose/Documents/GithubProjects/BosqueLanguage/ref_impl
10 silly lifecycle bosque-reference-implementation@0.0.1~build: Args: [ '-c', 'tsc -p tsconfig.json' ]
11 info lifecycle bosque-reference-implementation@0.0.1~build: Failed to exec build script
12 verbose stack Error: bosque-reference-implementation@0.0.1 build: `tsc -p tsconfig.json`
12 verbose stack spawn ENOENT
12 verbose stack     at ChildProcess.<anonymous> (/usr/lib/node_modules/npm/node_modules/npm-lifecycle/lib/spawn.js:48:18)
12 verbose stack     at ChildProcess.emit (events.js:314:20)
12 verbose stack     at maybeClose (internal/child_process.js:1051:16)
12 verbose stack     at Process.ChildProcess._handle.onexit (internal/child_process.js:287:5)
13 verbose pkgid bosque-reference-implementation@0.0.1
14 verbose cwd /home/jose/Documents/GithubProjects/BosqueLanguage/ref_impl
15 verbose Linux 5.8.1-arch1-1
16 verbose argv "/usr/bin/node" "/usr/bin/npm" "run-script" "build"
17 verbose node v14.8.0
18 verbose npm  v6.14.7
19 error code ELIFECYCLE
20 error syscall spawn
21 error file sh
22 error errno ENOENT
23 error bosque-reference-implementation@0.0.1 build: `tsc -p tsconfig.json`
23 error spawn ENOENT
24 error Failed at the bosque-reference-implementation@0.0.1 build script.
24 error This is probably not a problem with npm. There is likely additional logging output above.
25 verbose exit [ 1, true ]
